2025-12-10T17:10:10.063Z	Initializing build environment...
2025-12-10T17:10:11.924Z	Success: Finished initializing build environment
2025-12-10T17:10:12.716Z	Cloning repository...
2025-12-10T17:10:15.907Z	Restoring from dependencies cache
2025-12-10T17:10:15.909Z	Restoring from build output cache
2025-12-10T17:10:15.915Z	Detected the following tools from environment: npm@10.9.2, nodejs@22.16.0
2025-12-10T17:10:19.656Z	Success: Dependencies restored from build cache.
2025-12-10T17:10:19.856Z	Installing project dependencies: npm clean-install --progress=false
2025-12-10T17:10:30.248Z	npm warn deprecated dnd-kit@0.0.2: Package no longer supported. Contact Support at https://www.npmjs.com/support for more info.
2025-12-10T17:10:30.601Z	npm warn deprecated bcrypt-edge@0.1.1: Package no longer supported. Contact Support at https://www.npmjs.com/support for more info.
2025-12-10T17:10:51.126Z	
2025-12-10T17:10:51.127Z	added 426 packages, and audited 427 packages in 29s
2025-12-10T17:10:51.127Z	
2025-12-10T17:10:51.127Z	113 packages are looking for funding
2025-12-10T17:10:51.127Z	  run `npm fund` for details
2025-12-10T17:10:51.141Z	
2025-12-10T17:10:51.141Z	3 moderate severity vulnerabilities
2025-12-10T17:10:51.141Z	
2025-12-10T17:10:51.141Z	To address all issues (including breaking changes), run:
2025-12-10T17:10:51.142Z	  npm audit fix --force
2025-12-10T17:10:51.142Z	
2025-12-10T17:10:51.142Z	Run `npm audit` for details.
2025-12-10T17:10:51.477Z	Executing user build command: npm run build
2025-12-10T17:10:51.795Z	
2025-12-10T17:10:51.795Z	> daohang@1.1.0 build
2025-12-10T17:10:51.795Z	> tsc -b && vite build
2025-12-10T17:10:51.795Z	
2025-12-10T17:10:58.370Z	src/API/http.ts(821,36): error TS2345: Argument of type 'number | undefined' is not assignable to parameter of type 'number'.
2025-12-10T17:10:58.370Z	  Type 'undefined' is not assignable to type 'number'.
2025-12-10T17:10:58.371Z	src/API/http.ts(850,33): error TS2345: Argument of type 'number | undefined' is not assignable to parameter of type 'number'.
2025-12-10T17:10:58.371Z	  Type 'undefined' is not assignable to type 'number'.
2025-12-10T17:10:58.371Z	src/API/http.ts(879,84): error TS2345: Argument of type 'number | undefined' is not assignable to parameter of type 'number'.
2025-12-10T17:10:58.371Z	  Type 'undefined' is not assignable to type 'number'.
2025-12-10T17:10:58.372Z	src/API/mock.ts(438,34): error TS2345: Argument of type 'number | undefined' is not assignable to parameter of type 'number'.
2025-12-10T17:10:58.372Z	  Type 'undefined' is not assignable to type 'number'.
2025-12-10T17:10:58.372Z	src/API/mock.ts(483,31): error TS2345: Argument of type 'number | undefined' is not assignable to parameter of type 'number'.
2025-12-10T17:10:58.372Z	  Type 'undefined' is not assignable to type 'number'.
2025-12-10T17:10:59.217Z	src/API/http.ts(821,36): error TS2345: Argument of type 'number | undefined' is not assignable to parameter of type 'number'.
2025-12-10T17:10:59.218Z	  Type 'undefined' is not assignable to type 'number'.
2025-12-10T17:10:59.218Z	src/API/http.ts(850,33): error TS2345: Argument of type 'number | undefined' is not assignable to parameter of type 'number'.
2025-12-10T17:10:59.219Z	  Type 'undefined' is not assignable to type 'number'.
2025-12-10T17:10:59.219Z	src/API/http.ts(879,84): error TS2345: Argument of type 'number | undefined' is not assignable to parameter of type 'number'.
2025-12-10T17:10:59.219Z	  Type 'undefined' is not assignable to type 'number'.
2025-12-10T17:10:59.281Z	Failed: error occurred while running build command
2025-12-10T17:10:10.063Z	Initializing build environment...
2025-12-10T17:10:11.924Z	Success: Finished initializing build environment
2025-12-10T17:10:12.716Z	Cloning repository...
2025-12-10T17:10:15.907Z	Restoring from dependencies cache
2025-12-10T17:10:15.909Z	Restoring from build output cache
2025-12-10T17:10:15.915Z	Detected the following tools from environment: npm@10.9.2, nodejs@22.16.0
2025-12-10T17:10:19.656Z	Success: Dependencies restored from build cache.
2025-12-10T17:10:19.856Z	Installing project dependencies: npm clean-install --progress=false
2025-12-10T17:10:30.248Z	npm warn deprecated dnd-kit@0.0.2: Package no longer supported. Contact Support at https://www.npmjs.com/support for more info.
2025-12-10T17:10:30.601Z	npm warn deprecated bcrypt-edge@0.1.1: Package no longer supported. Contact Support at https://www.npmjs.com/support for more info.
2025-12-10T17:10:51.126Z	
2025-12-10T17:10:51.127Z	added 426 packages, and audited 427 packages in 29s
2025-12-10T17:10:51.127Z	
2025-12-10T17:10:51.127Z	113 packages are looking for funding
2025-12-10T17:10:51.127Z	  run `npm fund` for details
2025-12-10T17:10:51.141Z	
2025-12-10T17:10:51.141Z	3 moderate severity vulnerabilities
2025-12-10T17:10:51.141Z	
2025-12-10T17:10:51.141Z	To address all issues (including breaking changes), run:
2025-12-10T17:10:51.142Z	  npm audit fix --force
2025-12-10T17:10:51.142Z	
2025-12-10T17:10:51.142Z	Run `npm audit` for details.
2025-12-10T17:10:51.477Z	Executing user build command: npm run build
2025-12-10T17:10:51.795Z	
2025-12-10T17:10:51.795Z	> daohang@1.1.0 build
2025-12-10T17:10:51.795Z	> tsc -b && vite build
2025-12-10T17:10:51.795Z	
2025-12-10T17:10:58.370Z	src/API/http.ts(821,36): error TS2345: Argument of type 'number | undefined' is not assignable to parameter of type 'number'.
2025-12-10T17:10:58.370Z	  Type 'undefined' is not assignable to type 'number'.
2025-12-10T17:10:58.371Z	src/API/http.ts(850,33): error TS2345: Argument of type 'number | undefined' is not assignable to parameter of type 'number'.
2025-12-10T17:10:58.371Z	  Type 'undefined' is not assignable to type 'number'.
2025-12-10T17:10:58.371Z	src/API/http.ts(879,84): error TS2345: Argument of type 'number | undefined' is not assignable to parameter of type 'number'.
2025-12-10T17:10:58.371Z	  Type 'undefined' is not assignable to type 'number'.
2025-12-10T17:10:58.372Z	src/API/mock.ts(438,34): error TS2345: Argument of type 'number | undefined' is not assignable to parameter of type 'number'.
2025-12-10T17:10:58.372Z	  Type 'undefined' is not assignable to type 'number'.
2025-12-10T17:10:58.372Z	src/API/mock.ts(483,31): error TS2345: Argument of type 'number | undefined' is not assignable to parameter of type 'number'.
2025-12-10T17:10:58.372Z	  Type 'undefined' is not assignable to type 'number'.
2025-12-10T17:10:59.217Z	src/API/http.ts(821,36): error TS2345: Argument of type 'number | undefined' is not assignable to parameter of type 'number'.
2025-12-10T17:10:59.218Z	  Type 'undefined' is not assignable to type 'number'.
2025-12-10T17:10:59.218Z	src/API/http.ts(850,33): error TS2345: Argument of type 'number | undefined' is not assignable to parameter of type 'number'.
2025-12-10T17:10:59.219Z	  Type 'undefined' is not assignable to type 'number'.
2025-12-10T17:10:59.219Z	src/API/http.ts(879,84): error TS2345: Argument of type 'number | undefined' is not assignable to parameter of type 'number'.
2025-12-10T17:10:59.219Z	  Type 'undefined' is not assignable to type 'number'.
2025-12-10T17:10:59.281Z	Failed: error occurred while running build command